INFO:root:Arranque de aplicacion
INFO:werkzeug:[31m[1mWARNING: This is a development server. Do not use it in a production deployment. Use a production WSGI server instead.[0m
 * Running on http://127.0.0.1:5000
INFO:werkzeug:[33mPress CTRL+C to quit[0m
INFO:werkzeug:127.0.0.1 - - [01/Apr/2023 13:06:20] "GET / HTTP/1.1" 200 -
INFO:werkzeug:127.0.0.1 - - [01/Apr/2023 13:06:20] "GET / HTTP/1.1" 200 -
INFO:werkzeug:127.0.0.1 - - [01/Apr/2023 13:06:21] "[33mGET /favicon.ico HTTP/1.1[0m" 404 -
INFO:werkzeug:127.0.0.1 - - [01/Apr/2023 13:07:10] "GET /security/login HTTP/1.1" 200 -
INFO:werkzeug:127.0.0.1 - - [01/Apr/2023 13:07:10] "GET /security/login HTTP/1.1" 200 -
INFO:werkzeug:127.0.0.1 - - [01/Apr/2023 13:07:11] "GET /security/register HTTP/1.1" 200 -
INFO:werkzeug:127.0.0.1 - - [01/Apr/2023 13:07:11] "GET /security/register HTTP/1.1" 200 -
ERROR:project:Exception on /security/register [POST]
Traceback (most recent call last):
  File "C:\Users\2022\IDGS802_TaconTodo\env\Lib\site-packages\sqlalchemy\orm\relationships.py", line 2404, in _determine_joins
    self.secondaryjoin = join_condition(
                         ^^^^^^^^^^^^^^^
  File "C:\Users\2022\IDGS802_TaconTodo\env\Lib\site-packages\sqlalchemy\sql\util.py", line 123, in join_condition
    return Join._join_condition(
           ^^^^^^^^^^^^^^^^^^^^^
  File "C:\Users\2022\IDGS802_TaconTodo\env\Lib\site-packages\sqlalchemy\sql\selectable.py", line 1369, in _join_condition
    raise exc.NoForeignKeysError(
sqlalchemy.exc.NoForeignKeysError: Can't find any foreign key relationships between 'Ventas' and 'ventas_productos'.

The above exception was the direct cause of the following exception:

Traceback (most recent call last):
  File "C:\Users\2022\IDGS802_TaconTodo\env\Lib\site-packages\flask\app.py", line 2528, in wsgi_app
    response = self.full_dispatch_request()
               ^^^^^^^^^^^^^^^^^^^^^^^^^^^^
  File "C:\Users\2022\IDGS802_TaconTodo\env\Lib\site-packages\flask\app.py", line 1825, in full_dispatch_request
    rv = self.handle_user_exception(e)
         ^^^^^^^^^^^^^^^^^^^^^^^^^^^^^
  File "C:\Users\2022\IDGS802_TaconTodo\env\Lib\site-packages\flask\app.py", line 1823, in full_dispatch_request
    rv = self.dispatch_request()
         ^^^^^^^^^^^^^^^^^^^^^^^
  File "C:\Users\2022\IDGS802_TaconTodo\env\Lib\site-packages\flask\app.py", line 1799, in dispatch_request
    return self.ensure_sync(self.view_functions[rule.endpoint])(**view_args)
           ^^^^^^^^^^^^^^^^^^^^^^^^^^^^^^^^^^^^^^^^^^^^^^^^^^^^^^^^^^^^^^^^^
  File "C:\Users\2022\IDGS802_TaconTodo\project\auth.py", line 51, in register_post
    user = User.query.filter_by(email=email).first()
           ^^^^^^^^^^
  File "C:\Users\2022\IDGS802_TaconTodo\env\Lib\site-packages\flask_sqlalchemy\model.py", line 30, in __get__
    return cls.query_class(
           ^^^^^^^^^^^^^^^^
  File "C:\Users\2022\IDGS802_TaconTodo\env\Lib\site-packages\sqlalchemy\orm\query.py", line 273, in __init__
    self._set_entities(entities)
  File "C:\Users\2022\IDGS802_TaconTodo\env\Lib\site-packages\sqlalchemy\orm\query.py", line 282, in _set_entities
    self._raw_columns = [
                        ^
  File "C:\Users\2022\IDGS802_TaconTodo\env\Lib\site-packages\sqlalchemy\orm\query.py", line 283, in <listcomp>
    coercions.expect(
  File "C:\Users\2022\IDGS802_TaconTodo\env\Lib\site-packages\sqlalchemy\sql\coercions.py", line 406, in expect
    insp._post_inspect
  File "C:\Users\2022\IDGS802_TaconTodo\env\Lib\site-packages\sqlalchemy\util\langhelpers.py", line 1254, in __get__
    obj.__dict__[self.__name__] = result = self.fget(obj)
                                           ^^^^^^^^^^^^^^
  File "C:\Users\2022\IDGS802_TaconTodo\env\Lib\site-packages\sqlalchemy\orm\mapper.py", line 2693, in _post_inspect
    self._check_configure()
  File "C:\Users\2022\IDGS802_TaconTodo\env\Lib\site-packages\sqlalchemy\orm\mapper.py", line 2374, in _check_configure
    _configure_registries({self.registry}, cascade=True)
  File "C:\Users\2022\IDGS802_TaconTodo\env\Lib\site-packages\sqlalchemy\orm\mapper.py", line 4186, in _configure_registries
    _do_configure_registries(registries, cascade)
  File "C:\Users\2022\IDGS802_TaconTodo\env\Lib\site-packages\sqlalchemy\orm\mapper.py", line 4228, in _do_configure_registries
    mapper._post_configure_properties()
  File "C:\Users\2022\IDGS802_TaconTodo\env\Lib\site-packages\sqlalchemy\orm\mapper.py", line 2391, in _post_configure_properties
    prop.init()
  File "C:\Users\2022\IDGS802_TaconTodo\env\Lib\site-packages\sqlalchemy\orm\interfaces.py", line 544, in init
    self.do_init()
  File "C:\Users\2022\IDGS802_TaconTodo\env\Lib\site-packages\sqlalchemy\orm\relationships.py", line 1634, in do_init
    self._setup_join_conditions()
  File "C:\Users\2022\IDGS802_TaconTodo\env\Lib\site-packages\sqlalchemy\orm\relationships.py", line 1881, in _setup_join_conditions
    self._join_condition = jc = JoinCondition(
                                ^^^^^^^^^^^^^^
  File "C:\Users\2022\IDGS802_TaconTodo\env\Lib\site-packages\sqlalchemy\orm\relationships.py", line 2308, in __init__
    self._determine_joins()
  File "C:\Users\2022\IDGS802_TaconTodo\env\Lib\site-packages\sqlalchemy\orm\relationships.py", line 2431, in _determine_joins
    raise sa_exc.NoForeignKeysError(
sqlalchemy.exc.NoForeignKeysError: Could not determine join condition between parent/child tables on relationship Producto.ventas - there are no foreign keys linking these tables via secondary table 'ventas_productos'.  Ensure that referencing columns are associated with a ForeignKey or ForeignKeyConstraint, or specify 'primaryjoin' and 'secondaryjoin' expressions.
INFO:werkzeug:127.0.0.1 - - [01/Apr/2023 13:07:26] "[35m[1mPOST /security/register HTTP/1.1[0m" 500 -
INFO:werkzeug:127.0.0.1 - - [01/Apr/2023 13:07:27] "GET /security/register HTTP/1.1" 200 -
INFO:root:Arranque de aplicacion
INFO:werkzeug:[31m[1mWARNING: This is a development server. Do not use it in a production deployment. Use a production WSGI server instead.[0m
 * Running on http://127.0.0.1:5000
INFO:werkzeug:[33mPress CTRL+C to quit[0m
INFO:werkzeug: * Restarting with stat
INFO:root:Arranque de aplicacion
WARNING:werkzeug: * Debugger is active!
INFO:werkzeug: * Debugger PIN: 427-992-630
INFO:werkzeug:127.0.0.1 - - [01/Apr/2023 13:12:16] "GET / HTTP/1.1" 200 -
INFO:werkzeug:127.0.0.1 - - [01/Apr/2023 13:12:17] "GET / HTTP/1.1" 200 -
INFO:werkzeug:127.0.0.1 - - [01/Apr/2023 13:12:18] "GET /security/register HTTP/1.1" 200 -
INFO:werkzeug:127.0.0.1 - - [01/Apr/2023 13:12:19] "GET /security/register HTTP/1.1" 200 -
INFO:werkzeug:127.0.0.1 - - [01/Apr/2023 13:12:28] "[35m[1mPOST /security/register HTTP/1.1[0m" 500 -
INFO:werkzeug:127.0.0.1 - - [01/Apr/2023 13:12:28] "GET /security/register?__debugger__=yes&cmd=resource&f=style.css HTTP/1.1" 200 -
INFO:werkzeug:127.0.0.1 - - [01/Apr/2023 13:12:28] "GET /security/register?__debugger__=yes&cmd=resource&f=debugger.js HTTP/1.1" 200 -
INFO:werkzeug:127.0.0.1 - - [01/Apr/2023 13:12:29] "GET /security/register?__debugger__=yes&cmd=resource&f=console.png HTTP/1.1" 200 -
INFO:werkzeug:127.0.0.1 - - [01/Apr/2023 13:12:29] "GET /security/register HTTP/1.1" 200 -
INFO:werkzeug:127.0.0.1 - - [01/Apr/2023 13:12:29] "[36mGET /security/register?__debugger__=yes&cmd=resource&f=console.png HTTP/1.1[0m" 304 -
INFO:werkzeug: * Detected change in 'C:\\Users\\2022\\IDGS802_TaconTodo\\project\\models.py', reloading
INFO:werkzeug: * Restarting with stat
INFO:root:Arranque de aplicacion
WARNING:werkzeug: * Debugger is active!
INFO:werkzeug: * Debugger PIN: 427-992-630
INFO:root:Arranque de aplicacion
INFO:werkzeug:[31m[1mWARNING: This is a development server. Do not use it in a production deployment. Use a production WSGI server instead.[0m
 * Running on http://127.0.0.1:5000
INFO:werkzeug:[33mPress CTRL+C to quit[0m
INFO:werkzeug: * Restarting with stat
INFO:root:Arranque de aplicacion
WARNING:werkzeug: * Debugger is active!
INFO:werkzeug: * Debugger PIN: 427-992-630
INFO:werkzeug:127.0.0.1 - - [01/Apr/2023 13:14:19] "GET / HTTP/1.1" 200 -
INFO:werkzeug:127.0.0.1 - - [01/Apr/2023 13:14:20] "GET / HTTP/1.1" 200 -
INFO:werkzeug:127.0.0.1 - - [01/Apr/2023 13:14:21] "GET /security/register HTTP/1.1" 200 -
INFO:werkzeug:127.0.0.1 - - [01/Apr/2023 13:14:21] "GET /security/register HTTP/1.1" 200 -
INFO:werkzeug:127.0.0.1 - - [01/Apr/2023 13:14:30] "[35m[1mPOST /security/register HTTP/1.1[0m" 500 -
INFO:werkzeug:127.0.0.1 - - [01/Apr/2023 13:14:30] "[36mGET /security/register?__debugger__=yes&cmd=resource&f=debugger.js HTTP/1.1[0m" 304 -
INFO:werkzeug:127.0.0.1 - - [01/Apr/2023 13:14:30] "[36mGET /security/register?__debugger__=yes&cmd=resource&f=style.css HTTP/1.1[0m" 304 -
INFO:werkzeug:127.0.0.1 - - [01/Apr/2023 13:14:31] "[36mGET /security/register?__debugger__=yes&cmd=resource&f=console.png HTTP/1.1[0m" 304 -
INFO:werkzeug:127.0.0.1 - - [01/Apr/2023 13:14:31] "GET /security/register HTTP/1.1" 200 -
INFO:werkzeug:127.0.0.1 - - [01/Apr/2023 13:14:31] "[36mGET /security/register?__debugger__=yes&cmd=resource&f=console.png HTTP/1.1[0m" 304 -
INFO:werkzeug: * Detected change in 'C:\\Users\\2022\\IDGS802_TaconTodo\\project\\models.py', reloading
INFO:werkzeug: * Restarting with stat
INFO:root:Arranque de aplicacion
WARNING:werkzeug: * Debugger is active!
INFO:werkzeug: * Debugger PIN: 427-992-630
INFO:root:Arranque de aplicacion
INFO:werkzeug:[31m[1mWARNING: This is a development server. Do not use it in a production deployment. Use a production WSGI server instead.[0m
 * Running on http://127.0.0.1:5000
INFO:werkzeug:[33mPress CTRL+C to quit[0m
INFO:werkzeug: * Restarting with stat
INFO:root:Arranque de aplicacion
WARNING:werkzeug: * Debugger is active!
INFO:werkzeug: * Debugger PIN: 427-992-630
INFO:werkzeug:127.0.0.1 - - [01/Apr/2023 13:15:19] "GET / HTTP/1.1" 200 -
INFO:werkzeug:127.0.0.1 - - [01/Apr/2023 13:15:20] "GET / HTTP/1.1" 200 -
INFO:werkzeug:127.0.0.1 - - [01/Apr/2023 13:15:21] "GET /security/register HTTP/1.1" 200 -
INFO:werkzeug:127.0.0.1 - - [01/Apr/2023 13:15:22] "GET /security/register HTTP/1.1" 200 -
INFO:root:Registro exitoso
INFO:werkzeug:127.0.0.1 - - [01/Apr/2023 13:15:29] "[32mPOST /security/register HTTP/1.1[0m" 302 -
INFO:werkzeug:127.0.0.1 - - [01/Apr/2023 13:15:29] "GET /security/login HTTP/1.1" 200 -
INFO:werkzeug:127.0.0.1 - - [01/Apr/2023 13:15:29] "GET /security/login HTTP/1.1" 200 -
DEBUG:root:Inicio sesion del usuario .... id:6 name:Juan Carlos correo:charlyxbox360nuevo@gmail.com fecha:2023-04-01 13:15:13
INFO:werkzeug:127.0.0.1 - - [01/Apr/2023 13:15:35] "[32mPOST /security/login HTTP/1.1[0m" 302 -
INFO:werkzeug:127.0.0.1 - - [01/Apr/2023 13:15:35] "[32mGET /profile HTTP/1.1[0m" 302 -
INFO:werkzeug:127.0.0.1 - - [01/Apr/2023 13:15:35] "GET /security/login HTTP/1.1" 200 -
INFO:werkzeug:127.0.0.1 - - [01/Apr/2023 13:15:36] "GET /security/login HTTP/1.1" 200 -
DEBUG:root:Inicio sesion del usuario .... id:6 name:Juan Carlos correo:charlyxbox360nuevo@gmail.com fecha:2023-04-01 13:15:13
INFO:werkzeug:127.0.0.1 - - [01/Apr/2023 13:19:00] "[32mPOST /security/login HTTP/1.1[0m" 302 -
INFO:werkzeug:127.0.0.1 - - [01/Apr/2023 13:19:00] "GET /profile HTTP/1.1" 200 -
INFO:werkzeug:127.0.0.1 - - [01/Apr/2023 13:19:00] "GET /profile HTTP/1.1" 200 -
INFO:werkzeug: * Detected change in 'C:\\Users\\2022\\IDGS802_TaconTodo\\project\\main.py', reloading
INFO:werkzeug: * Restarting with stat
INFO:root:Arranque de aplicacion
WARNING:werkzeug: * Debugger is active!
INFO:werkzeug: * Debugger PIN: 427-992-630
INFO:werkzeug:127.0.0.1 - - [01/Apr/2023 13:22:48] "[32mGET /security/logout HTTP/1.1[0m" 302 -
INFO:werkzeug:127.0.0.1 - - [01/Apr/2023 13:22:48] "GET /login?next=%2Fsecurity%2Flogout HTTP/1.1" 200 -
INFO:werkzeug:127.0.0.1 - - [01/Apr/2023 13:22:48] "GET /login?next=%2Fsecurity%2Flogout HTTP/1.1" 200 -
INFO:werkzeug:127.0.0.1 - - [01/Apr/2023 13:22:51] "GET / HTTP/1.1" 200 -
INFO:werkzeug:127.0.0.1 - - [01/Apr/2023 13:22:52] "GET / HTTP/1.1" 200 -
INFO:werkzeug:127.0.0.1 - - [01/Apr/2023 13:22:53] "GET /security/register HTTP/1.1" 200 -
INFO:werkzeug:127.0.0.1 - - [01/Apr/2023 13:22:53] "GET /security/register HTTP/1.1" 200 -
INFO:root:Registro exitoso
INFO:werkzeug:127.0.0.1 - - [01/Apr/2023 13:23:00] "[32mPOST /security/register HTTP/1.1[0m" 302 -
INFO:werkzeug:127.0.0.1 - - [01/Apr/2023 13:23:00] "GET /security/login HTTP/1.1" 200 -
INFO:werkzeug:127.0.0.1 - - [01/Apr/2023 13:23:00] "GET /security/login HTTP/1.1" 200 -
DEBUG:root:Inicio sesion del usuario .... id:7 name:Ismael Perez correo:NKDS@GMAIL.COM fecha:2023-04-01 13:19:29
INFO:werkzeug:127.0.0.1 - - [01/Apr/2023 13:23:05] "[32mPOST /security/login HTTP/1.1[0m" 302 -
INFO:werkzeug:127.0.0.1 - - [01/Apr/2023 13:23:05] "GET /profile HTTP/1.1" 200 -
INFO:werkzeug:127.0.0.1 - - [01/Apr/2023 13:23:06] "GET /profile HTTP/1.1" 200 -
DEBUG:root:Sesion concluida para.... id:7 name:Ismael Perez correo:NKDS@GMAIL.COM fecha:2023-04-01 13:19:29
INFO:werkzeug:127.0.0.1 - - [01/Apr/2023 13:23:40] "[32mGET /security/logout HTTP/1.1[0m" 302 -
INFO:werkzeug:127.0.0.1 - - [01/Apr/2023 13:23:40] "GET / HTTP/1.1" 200 -
INFO:werkzeug:127.0.0.1 - - [01/Apr/2023 13:23:41] "GET / HTTP/1.1" 200 -
INFO:werkzeug:127.0.0.1 - - [01/Apr/2023 13:23:42] "GET /security/login HTTP/1.1" 200 -
INFO:werkzeug:127.0.0.1 - - [01/Apr/2023 13:23:42] "GET /security/login HTTP/1.1" 200 -
ERROR:root:Fallo al iniciar sesion id:7 name:Ismael Perez correo:NKDS@GMAIL.COM fecha:2023-04-01 13:19:29
INFO:werkzeug:127.0.0.1 - - [01/Apr/2023 13:23:47] "[32mPOST /security/login HTTP/1.1[0m" 302 -
INFO:werkzeug:127.0.0.1 - - [01/Apr/2023 13:23:47] "GET /security/login HTTP/1.1" 200 -
INFO:werkzeug:127.0.0.1 - - [01/Apr/2023 13:23:47] "GET /security/login HTTP/1.1" 200 -
INFO:werkzeug: * Detected change in 'C:\\Users\\2022\\IDGS802_TaconTodo\\project\\auth.py', reloading
INFO:werkzeug: * Restarting with stat
INFO:root:Arranque de aplicacion
WARNING:werkzeug: * Debugger is active!
INFO:werkzeug: * Debugger PIN: 427-992-630
INFO:root:Arranque de aplicacion
INFO:werkzeug:[31m[1mWARNING: This is a development server. Do not use it in a production deployment. Use a production WSGI server instead.[0m
 * Running on http://127.0.0.1:5000
INFO:werkzeug:[33mPress CTRL+C to quit[0m
INFO:werkzeug: * Restarting with stat
INFO:root:Arranque de aplicacion
WARNING:werkzeug: * Debugger is active!
INFO:werkzeug: * Debugger PIN: 427-992-630
INFO:werkzeug:127.0.0.1 - - [01/Apr/2023 13:26:08] "GET / HTTP/1.1" 200 -
INFO:werkzeug:127.0.0.1 - - [01/Apr/2023 13:26:09] "GET / HTTP/1.1" 200 -
INFO:werkzeug:127.0.0.1 - - [01/Apr/2023 13:26:10] "GET /security/login HTTP/1.1" 200 -
INFO:werkzeug:127.0.0.1 - - [01/Apr/2023 13:26:10] "GET /security/login HTTP/1.1" 200 -
ERROR:root:Fallo al iniciar sesion id:7 name:Ismael Perez correo:NKDS@GMAIL.COM fecha:2023-04-01 13:26:15
INFO:werkzeug:127.0.0.1 - - [01/Apr/2023 13:26:15] "[32mPOST /security/login HTTP/1.1[0m" 302 -
INFO:werkzeug:127.0.0.1 - - [01/Apr/2023 13:26:15] "GET /security/login HTTP/1.1" 200 -
INFO:werkzeug:127.0.0.1 - - [01/Apr/2023 13:26:15] "GET /security/login HTTP/1.1" 200 -
DEBUG:root:Inicio sesion del usuario .... id:6 name:Juan Carlos correo:charlyxbox360nuevo@gmail.com fecha:2023-04-01 13:26:20
INFO:werkzeug:127.0.0.1 - - [01/Apr/2023 13:26:20] "[32mPOST /security/login HTTP/1.1[0m" 302 -
INFO:werkzeug:127.0.0.1 - - [01/Apr/2023 13:26:20] "GET /profile HTTP/1.1" 200 -
INFO:werkzeug:127.0.0.1 - - [01/Apr/2023 13:26:20] "GET /profile HTTP/1.1" 200 -
DEBUG:root:Sesion concluida para.... id:6 name:Juan Carlos correo:charlyxbox360nuevo@gmail.com fecha:2023-04-01 13:26:25
INFO:werkzeug:127.0.0.1 - - [01/Apr/2023 13:26:25] "[32mGET /security/logout HTTP/1.1[0m" 302 -
INFO:werkzeug:127.0.0.1 - - [01/Apr/2023 13:26:25] "GET / HTTP/1.1" 200 -
INFO:werkzeug:127.0.0.1 - - [01/Apr/2023 13:26:26] "GET / HTTP/1.1" 200 -
